IQ-TREE version 1.5.5 for Linux 64-bit built Jun  2 2017
Copyright (c) 2011-2017 by Bui Quang Minh, Nguyen Lam Tung,
Olga Chernomor, Heiko Schmidt, and Arndt von Haeseler.

Host:    stahl (SSE3, 15 GB RAM)
Command: ../../iqtree -s 1-161_Opsin-gene.phy -st AA -m TEST -bb 1000 -wbt -alrt 1000
Seed:    416859 (Using SPRNG - Scalable Parallel Random Number Generator)
Time:    Sat Dec  2 18:50:14 2017
Kernel:  SSE2

NOTE: Consider using the multicore version because your CPU has 8 cores!

Reading alignment file 1-161_Opsin-gene.phy ... Phylip format detected
Alignment most likely contains protein sequences
Alignment has 161 sequences with 1109 columns and 824 patterns (455 informative sites, 390 constant sites)
WARNING: Some sequence names are changed as follows:
HYM_ZOO_tr|A0A067QNL2|A0A067QNL2_ZOONE -> HYM_ZOO_tr_A0A067QNL2_A0A067QNL2_ZOONE
HYM_ZOO_tr|A0A067RGM0|A0A067RGM0_ZOONE -> HYM_ZOO_tr_A0A067RGM0_A0A067RGM0_ZOONE
MeL_Camponotus_Floridanus/7-25 -> MeL_Camponotus_Floridanus_7-25
MeL_Harpegnathos_saltator/6-24 -> MeL_Harpegnathos_saltator_6-24
DIP_LUC_tr|A0A0L0C8J1|A0A0L0C8J1_LUCCU -> DIP_LUC_tr_A0A0L0C8J1_A0A0L0C8J1_LUCCU
HYM_ZOO_tr|A0A067R9I6|A0A067R9I6_ZOONE -> HYM_ZOO_tr_A0A067R9I6_A0A067R9I6_ZOONE
DIP_LUC_tr|A0A0L0C4K6|A0A0L0C4K6_LUCCU -> DIP_LUC_tr_A0A0L0C4K6_A0A0L0C4K6_LUCCU
DIP_LUC_tr|A0A0L0CH32|A0A0L0CH32_LUCCU -> DIP_LUC_tr_A0A0L0CH32_A0A0L0CH32_LUCCU
ODO_LAD_arhtropsin_tr|A0A0C9LGA4|A0A0C9LGA4_LADFU -> ODO_LAD_arhtropsin_tr_A0A0C9LGA4_A0A0C9LGA4_LADFU
ODO_LAD_Pteropsin_tr|A0A0C9LI82|A0A0C9LI82_LADFU -> ODO_LAD_Pteropsin_tr_A0A0C9LI82_A0A0C9LI82_LADFU
LEP_PLU_320859_Px005502.1/1-22 -> LEP_PLU_320859_Px005502.1_1-22
LEP_PLU_327040_Px001281.1/1-12 -> LEP_PLU_327040_Px001281.1_1-12
LEP_BOM_Bombyx_mori_putC/5-290 -> LEP_BOM_Bombyx_mori_putC_5-290
DIP_LUC_tr|A0A0L0BXJ6|A0A0L0BXJ6_LUCCU -> DIP_LUC_tr_A0A0L0BXJ6_A0A0L0BXJ6_LUCCU
DIP_MOJ_RH7_tr|B4KZ42|B4KZ42_DROMO -> DIP_MOJ_RH7_tr_B4KZ42_B4KZ42_DROMO
DIP_MEL_RH-7-opsin_tr|Q9VTU7|Q9VTU7_DROME -> DIP_MEL_RH-7-opsin_tr_Q9VTU7_Q9VTU7_DROME
ODO_LAD_Rh7-tr|A0A0C9LNS8|A0A0C9LNS8_LADFU -> ODO_LAD_Rh7-tr_A0A0C9LNS8_A0A0C9LNS8_LADFU
LEP_PLU_318961_Px007857.1/19-3 -> LEP_PLU_318961_Px007857.1_19-3
LEP_BOM_RH7_opsin_tr|H9JSM8|H9JSM8_BOMMO -> LEP_BOM_RH7_opsin_tr_H9JSM8_H9JSM8_BOMMO
LEP_HEL_Heliconius_melpomene_putUV/27- -> LEP_HEL_Heliconius_melpomene_putUV_27-
ARA_MIM_tr|A0A087TCD7|A0A087TCD7_9ARAC -> ARA_MIM_tr_A0A087TCD7_A0A087TCD7_9ARAC
DIP_LUC_tr|A0A0L0CD34|A0A0L0CD34_LUCCU -> DIP_LUC_tr_A0A0L0CD34_A0A0L0CD34_LUCCU
DIP_MOJ_LW-opsin3_tr|B4KAD0|B4KAD0_DROMO -> DIP_MOJ_LW-opsin3_tr_B4KAD0_B4KAD0_DROMO
DIP_LUC_tr|A0A0L0CJY4|A0A0L0CJY4_LUCCU -> DIP_LUC_tr_A0A0L0CJY4_A0A0L0CJY4_LUCCU
DIP_MOJ_LW-opsin1_tr|B4K4R8|B4K4R8_DROMO -> DIP_MOJ_LW-opsin1_tr_B4K4R8_B4K4R8_DROMO
DIP_LUC_tr|A0A0L0CQ52|A0A0L0CQ52_LUCCU -> DIP_LUC_tr_A0A0L0CQ52_A0A0L0CQ52_LUCCU
DIP_MOJ_LW-opsin-2_tr|B4K591|B4K591_DROMO -> DIP_MOJ_LW-opsin-2_tr_B4K591_B4K591_DROMO
ARA_MIM_tr|A0A087UIB1|A0A087UIB1_9ARAC -> ARA_MIM_tr_A0A087UIB1_A0A087UIB1_9ARAC
ARA_MIM_tr|A0A087UIB0|A0A087UIB0_9ARAC -> ARA_MIM_tr_A0A087UIB0_A0A087UIB0_9ARAC
ARA_MIM_tr|A0A087UIB3|A0A087UIB3_9ARAC -> ARA_MIM_tr_A0A087UIB3_A0A087UIB3_9ARAC
ARA_MIM_tr|A0A087UEP7|A0A087UEP7_9ARAC -> ARA_MIM_tr_A0A087UEP7_A0A087UEP7_9ARAC
ODO_LAD_LW5-opsin_tr|A0A0C9LJJ3|A0A0C9LJJ3_LADFU -> ODO_LAD_LW5-opsin_tr_A0A0C9LJJ3_A0A0C9LJJ3_LADFU
ODO_LAD_LW4_opsin_tr|A0A0C9LM69|A0A0C9LM69_LADFU -> ODO_LAD_LW4_opsin_tr_A0A0C9LM69_A0A0C9LM69_LADFU
ODO_LAD_LW1-opsin_tr|A0A0C9LNT3|A0A0C9LNT3_LADFU -> ODO_LAD_LW1-opsin_tr_A0A0C9LNT3_A0A0C9LNT3_LADFU
ODO_LAD_LW6-opsin_tr|A0A0C9LJJ4|A0A0C9LJJ4_LADFU -> ODO_LAD_LW6-opsin_tr_A0A0C9LJJ4_A0A0C9LJJ4_LADFU
ODO_LAD_LW2-opsintr|A0A0C9LI85|A0A0C9LI85_LADFU -> ODO_LAD_LW2-opsintr_A0A0C9LI85_A0A0C9LI85_LADFU
ODO_LAD_LW3-opsin-tr|A0A0C9LGA7|A0A0C9LGA7_LADFU -> ODO_LAD_LW3-opsin-tr_A0A0C9LGA7_A0A0C9LGA7_LADFU
ODO_LAD_LW7-opsin_tr|A0A0C9LM70|A0A0C9LM70_LADFU -> ODO_LAD_LW7-opsin_tr_A0A0C9LM70_A0A0C9LM70_LADFU
HYM_BIM_tr|Q6ECH8|Q6ECH8_BOMIM -> HYM_BIM_tr_Q6ECH8_Q6ECH8_BOMIM
LEP_BOM_LW-opsin1_sp|Q95YI3|OPSCE_BOMMO -> LEP_BOM_LW-opsin1_sp_Q95YI3_OPSCE_BOMMO
LEP_BOM_LW-opsin2_tr|H9JE40|H9JE40_BOMMO -> LEP_BOM_LW-opsin2_tr_H9JE40_H9JE40_BOMMO
LEP_PLU_321652_Px009837.1/21-3 -> LEP_PLU_321652_Px009837.1_21-3
HYM_BIM_tr|Q6ECI2|Q6ECI2_BOMIM -> HYM_BIM_tr_Q6ECI2_Q6ECI2_BOMIM
HYM_BIM_tr|Q86CA8|Q86CA8_BOMIM -> HYM_BIM_tr_Q86CA8_Q86CA8_BOMIM
HYM_ZOO_tr|A0A067RBE1|A0A067RBE1_ZOONE -> HYM_ZOO_tr_A0A067RBE1_A0A067RBE1_ZOONE
ARA_MIM_tr|A0A087TK86|A0A087TK86_9ARAC -> ARA_MIM_tr_A0A087TK86_A0A087TK86_9ARAC
ARA_MIM_tr|A0A087TQX0|A0A087TQX0_9ARAC -> ARA_MIM_tr_A0A087TQX0_A0A087TQX0_9ARAC
ODO_LAD_SW4-opsin_tr|A0A0C9LM72|A0A0C9LM72_LADFU -> ODO_LAD_SW4-opsin_tr_A0A0C9LM72_A0A0C9LM72_LADFU
ODO_LAD_SW3-opsin_tr|A0A0C9LJJ8|A0A0C9LJJ8_LADFU -> ODO_LAD_SW3-opsin_tr_A0A0C9LJJ8_A0A0C9LJJ8_LADFU
ODO_LAD_SW1_opsin_tr|A0A0C9LNU0|A0A0C9LNU0_LADFU -> ODO_LAD_SW1_opsin_tr_A0A0C9LNU0_A0A0C9LNU0_LADFU
ODO_LAD_SW2-opsin_tr|A0A0C9LGA8|A0A0C9LGA8_LADFU -> ODO_LAD_SW2-opsin_tr_A0A0C9LGA8_A0A0C9LGA8_LADFU
ODO_LAD_SW5-opsintr|A0A0C9LI86|A0A0C9LI86_LADFU -> ODO_LAD_SW5-opsintr_A0A0C9LI86_A0A0C9LI86_LADFU
LEP_HEL_UV-opsin1_tr|D3W5S3|D3W5S3_HELME -> LEP_HEL_UV-opsin1_tr_D3W5S3_D3W5S3_HELME
LEP_HEL_UV-opsin2_tr|C4XV71|C4XV71_HELME -> LEP_HEL_UV-opsin2_tr_C4XV71_C4XV71_HELME
LEP_PLU_330374_Px017369.1/7-35 -> LEP_PLU_330374_Px017369.1_7-35
DIP_MEL_UV-opsin2_sp|P08255|OPS4_DROME -> DIP_MEL_UV-opsin2_sp_P08255_OPS4_DROME
DIP_LUC_tr|A0A0L0BLX9|A0A0L0BLX9_LUCCU -> DIP_LUC_tr_A0A0L0BLX9_A0A0L0BLX9_LUCCU
DIP_MEL_UV-opsin1_sp|P04950|OPS3_DROME -> DIP_MEL_UV-opsin1_sp_P04950_OPS3_DROME
HYM_ZOO_tr|A0A067RJW7|A0A067RJW7_ZOONE -> HYM_ZOO_tr_A0A067RJW7_A0A067RJW7_ZOONE
ODO_LAD_UV-opsin1_tr|A0A0C9LM74|A0A0C9LM74_LADFU -> ODO_LAD_UV-opsin1_tr_A0A0C9LM74_A0A0C9LM74_LADFU
HYM_BIM_tr|Q4QXT7|Q4QXT7_BOMIM -> HYM_BIM_tr_Q4QXT7_Q4QXT7_BOMIM
HYM_API_UV-opsin_sp|O61303.1|OPSUV_APIME -> HYM_API_UV-opsin_sp_O61303.1_OPSUV_APIME
COL_TRI_LWS-opsin_tr|D6WDA5|D6WDA5_TRICA -> COL_TRI_LWS-opsin_tr_D6WDA5_D6WDA5_TRICA
HYM_API_Blue_Opsin_sp|P90680.2|OPSB_APIME -> HYM_API_Blue_Opsin_sp_P90680.2_OPSB_APIME
LEP_HEL_Blue-Opsin_tr|E2DZM8|E2DZM8_HELME -> LEP_HEL_Blue-Opsin_tr_E2DZM8_E2DZM8_HELME
LEP_PLU_328952_Px000090.1/1-12 -> LEP_PLU_328952_Px000090.1_1-12
LEP_PLU_330151_Px009550.2/27-3 -> LEP_PLU_330151_Px009550.2_27-3
DIP_LUC_tr|A0A0L0C2F9|A0A0L0C2F9_LUCCU -> DIP_LUC_tr_A0A0L0C2F9_A0A0L0C2F9_LUCCU
DIP_MEL_Blue-opsin_sp|P91657|OPS5_DROME -> DIP_MEL_Blue-opsin_sp_P91657_OPS5_DROME
HYM_ZOO_tr|A0A067QRP7|A0A067QRP7_ZOONE -> HYM_ZOO_tr_A0A067QRP7_A0A067QRP7_ZOONE
MLT_O88495_/1-239 -> MLT_O88495__1-239
MLT_B2Y4M8_/1-238 -> MLT_B2Y4M8__1-238
MTR1C_XENL/1-223 -> MTR1C_XENL_1-223

                                                   Gap/Ambiguity  Composition  p-value
   1  HYM_ZOO_tr_A0A067QNL2_A0A067QNL2_ZOONE              87.11%    failed      0.09%
   2  HYM_ZOO_tr_A0A067RGM0_A0A067RGM0_ZOONE              53.47%    failed      0.00%
   3  MeL_Camponotus_Floridanus_7-25                      77.64%    failed      0.02%
   4  MeL_Harpegnathos_saltator_6-24                      78.63%    failed      3.74%
   5  DIP_LUC_tr_A0A0L0C8J1_A0A0L0C8J1_LUCCU              40.40%    failed      0.00%
   6  HYM_ZOO_tr_A0A067R9I6_A0A067R9I6_ZOONE              66.10%    passed     22.91%
   7  DIP_LUC_tr_A0A0L0C4K6_A0A0L0C4K6_LUCCU              61.95%    passed     60.38%
   8  DIP_LUC_tr_A0A0L0CH32_A0A0L0CH32_LUCCU              67.36%    passed      8.47%
   9  ODO_LAD_arhtropsin_tr_A0A0C9LGA4_A0A0C9LGA4_LADFU   41.12%    failed      0.00%
  10  HYM_API_90606_GB53350-PA_pep_k                      74.12%    passed     37.14%
  11  HYM_API_C-opsin_C-NP_001035057.1                    70.42%    passed     50.26%
  12  HYM_ATTA_104748_ACEP13381-PA_p                      83.23%    passed     89.89%
  13  HEM_RHO_335850_RPRC001048-PA_p                      90.26%    passed     33.02%
  14  ODO_LAD_Pteropsin_tr_A0A0C9LI82_A0A0C9LI82_LADFU    46.53%    failed      0.00%
  15  COL_TRI_C-opsin_NP_001138950.1                      68.44%    passed     71.90%
  16  HEM_RHO_335851_RPRC001049-PA_p                      86.47%    passed     45.10%
  17  LEP_PLU_320859_Px005502.1_1-22                      79.62%    passed     87.27%
  18  LEP_PLU_327040_Px001281.1_1-12                      88.91%    passed     67.58%
  19  LEP_MEL_278343_MCINX005490-PA_                      91.34%    passed     12.73%
  20  LEP_MEL_276680_MCINX003733-PA_                      88.91%    passed     64.68%
  21  LEP_HEL_229369_HMEL017535-PA_p                      74.93%    passed     73.10%
  22  LEP_MAN_248644__Msex2.10233-RA_C-opsin              74.30%    passed     92.10%
  23  LEP_BOM_119604_BGIBMGA008437-T                      75.02%    passed     79.07%
  24  LEP_BOM_Bombyx_mori_putC_5-290                      74.30%    passed     75.26%
  25  DIP_ARC_IU25_07888-mRNA-1                           74.30%    passed     49.52%
  26  DIP_ANG_68786_AGAP002443-PA_pe                      74.03%    passed     32.88%
  27  DIP_AED_52451_AAEL005373-PA_pe                      74.03%    passed      5.27%
  28  DIP_ANG_68787_AGAP002444-PA_pe                      74.03%    passed     31.87%
  29  DIP_ARC_IU25_09491-mRNA-1                           77.73%    passed     49.26%
  30  DIP_AED_52415_AAEL005322-PA_pe                      73.85%    passed     84.28%
  31  DIP_ANG_66956_AGAP007548-PB_pe                      73.85%    passed     21.50%
  32  DIP_LUC_tr_A0A0L0BXJ6_A0A0L0BXJ6_LUCCU              56.81%    passed      7.26%
  33  DIP_MOJ_RH7_tr_B4KZ42_B4KZ42_DROMO                  57.53%    passed     84.57%
  34  DIP_MEL_187817_FBpp0075752_pep                      70.15%    passed     54.96%
  35  DIP_MEL_RH-7-opsin_tr_Q9VTU7_Q9VTU7_DROME           56.45%    passed     54.66%
  36  HEM_RHO_342237_RPRC015283-PA_p                      71.69%    passed     59.69%
  37  PHT_PED_309604_PHUM596710-PA_p                      73.94%    passed     48.84%
  38  ODO_LAD_Rh7-tr_A0A0C9LNS8_A0A0C9LNS8_LADFU          45.36%    failed      0.00%
  39  LEP_PLU_318961_Px007857.1_19-3                      71.42%    passed     31.22%
  40  LEP_BOM_114228_BGIBMGA012539-T                      70.06%    passed     18.25%
  41  LEP_BOM_RH7_opsin_tr_H9JSM8_H9JSM8_BOMMO            50.77%    failed      0.01%
  42  LEP_MAN_230976__Msex2.00682-RA_Rh7                  70.33%    passed      5.71%
  43  LEP_HEL_Heliconius_melpomene_putUV_27-              70.06%    passed     26.16%
  44  LEP_MEL_279786_MCINX007237-PA_                      78.27%    passed     12.04%
  45  ARA_MIM_tr_A0A087TCD7_A0A087TCD7_9ARAC              65.92%    passed     88.26%
  46  DIP_LUC_tr_A0A0L0CD34_A0A0L0CD34_LUCCU              66.73%    passed     97.32%
  47  DIP_MEL_198422_FBpp0082600_pep                      68.53%    passed     92.71%
  48  DIP_MOJ_LW-opsin3_tr_B4KAD0_B4KAD0_DROMO            66.73%    passed     98.78%
  49  DIP_LUC_tr_A0A0L0CJY4_A0A0L0CJY4_LUCCU              66.55%    passed     71.56%
  50  DIP_MEL_199291_FBpp0083266_pep                      68.35%    passed     39.14%
  51  DIP_MOJ_LW-opsin1_tr_B4K4R8_B4K4R8_DROMO            66.37%    passed     54.91%
  52  DIP_LUC_tr_A0A0L0CQ52_A0A0L0CQ52_LUCCU              66.82%    passed     91.70%
  53  DIP_MEL_199125_FBpp0083111_pep                      68.26%    passed     42.18%
  54  DIP_MOJ_LW-opsin-2_tr_B4K591_B4K591_DROMO           65.37%    passed     89.55%
  55  ARA_MIM_tr_A0A087UIB1_A0A087UIB1_9ARAC              80.79%    passed      8.44%
  56  ARA_MIM_tr_A0A087UIB0_A0A087UIB0_9ARAC              84.76%    passed     61.37%
  57  ARA_MIM_tr_A0A087UIB3_A0A087UIB3_9ARAC              68.26%    passed     65.44%
  58  ARA_MIM_tr_A0A087UEP7_A0A087UEP7_9ARAC              64.38%    passed     82.00%
  59  ODO_LAD_LW5-opsin_tr_A0A0C9LJJ3_A0A0C9LJJ3_LADFU    65.92%    passed     62.15%
  60  DIP_AED_38043_AAEL007389-PA_pe                      68.44%    passed     85.48%
  61  DIP_ANG_68812_AGAP002462-PA_pe                      68.44%    passed     95.76%
  62  DIP_ANG_67249_AGAP001162-PA_pe                      68.53%    passed     96.64%
  63  PHT_PED_305323_PHUM310950-PA_p                      70.42%    passed     70.50%
  64  ODO_LAD_LW4_opsin_tr_A0A0C9LM69_A0A0C9LM69_LADFU    66.01%    passed     95.49%
  65  ODO_LAD_LW1-opsin_tr_A0A0C9LNT3_A0A0C9LNT3_LADFU    66.01%    passed     85.25%
  66  ODO_LAD_LW6-opsin_tr_A0A0C9LJJ4_A0A0C9LJJ4_LADFU    67.00%    passed     94.46%
  67  ODO_LAD_LW2-opsintr_A0A0C9LI85_A0A0C9LI85_LADFU     66.37%    passed     85.13%
  68  ODO_LAD_LW3-opsin-tr_A0A0C9LGA7_A0A0C9LGA7_LADFU    65.92%    passed     88.67%
  69  ODO_LAD_LW7-opsin_tr_A0A0C9LM70_A0A0C9LM70_LADFU    67.09%    passed     66.78%
  70  DIP_ARC_IU25_01935-mRNA-1                           65.83%    passed     96.64%
  71  HYM_ATTA_99734_ACEP19443-PA_pe                      69.07%    passed     30.98%
  72  HYM_BIM_tr_Q6ECH8_Q6ECH8_BOMIM                      81.51%    passed     82.72%
  73  HYM_API_92282_GB50034-PA_pep_k                      69.25%    passed     89.93%
  74  HYM_API_LW2_opsin_NP_001071293.1                    65.28%    passed     94.35%
  75  LEP_HEL_220635_HMEL003344-PA_p                      68.53%    passed     94.29%
  76  LEP_BOM_LW-opsin1_sp_Q95YI3_OPSCE_BOMMO             65.64%    passed     82.42%
  77  LEP_BOM_LW-opsin2_tr_H9JE40_H9JE40_BOMMO            66.82%    passed     80.82%
  78  LEP_BOM_117014_BGIBMGA007787-T                      69.70%    passed     89.44%
  79  LEP_PLU_321652_Px009837.1_21-3                      68.44%    passed     94.32%
  80  LEP_BOM_117013_BGIBMGA007786-T                      68.44%    passed     81.47%
  81  LEP_MAN_248245__Msex2.09799-RB_LW                   68.44%    passed     72.07%
  82  DIP_AED_36899_AAEL006484-PA_pe                      68.44%    passed     99.55%
  83  DIP_AED_52734_AAEL005621-PA_pe                      68.44%    passed     97.66%
  84  DIP_AED_52735_AAEL005625-PA_pe                      68.44%    passed     97.72%
  85  DIP_ANG_67248_AGAP001161-PA_pe                      68.44%    passed     99.60%
  86  DIP_ANG_67250_AGAP012985-PA_pe                      68.53%    passed     92.42%
  87  DIP_ANG_67270_AGAP013149-PA_pe                      68.53%    passed     92.42%
  88  DIP_AED_36577_AAEL006259-PA_pe                      68.62%    passed     91.21%
  89  DIP_AED_36898_AAEL006498-PA_pe                      68.53%    passed     94.44%
  90  HYM_NAS_301750_NV11485-PA_pep_                      68.89%    passed     95.29%
  91  HYM_ATTA_99733_ACEP19445-PA_pe                      68.80%    passed     94.65%
  92  HYM_API_92281_GB50196-PA_pep_k                      68.71%    passed     88.67%
  93  HYM_API_LW_opsin_NP_001011639.2                     66.01%    passed     82.53%
  94  HYM_BIM_tr_Q6ECI2_Q6ECI2_BOMIM                      74.39%    passed     35.51%
  95  HYM_BIM_tr_Q86CA8_Q86CA8_BOMIM                      83.95%    passed     84.84%
  96  COL_DEN_LWS-opsin_XP_019757680.1                    63.12%    passed     97.98%
  97  HYM_ZOO_tr_A0A067RBE1_A0A067RBE1_ZOONE              66.10%    passed     86.70%
  98  HEM_RHO_333985_RPRC010623-PA_p                      68.44%    passed     90.48%
  99  ARA_MIM_tr_A0A087TK86_A0A087TK86_9ARAC              83.86%    passed     25.61%
 100  ARA_MIM_tr_A0A087TQX0_A0A087TQX0_9ARAC              65.46%    passed     83.13%
 101  ODO_LAD_SW4-opsin_tr_A0A0C9LM72_A0A0C9LM72_LADFU    64.74%    passed     95.88%
 102  ODO_LAD_SW3-opsin_tr_A0A0C9LJJ8_A0A0C9LJJ8_LADFU    65.46%    passed     76.43%
 103  ODO_LAD_SW1_opsin_tr_A0A0C9LNU0_A0A0C9LNU0_LADFU    65.92%    passed     94.10%
 104  ODO_LAD_SW2-opsin_tr_A0A0C9LGA8_A0A0C9LGA8_LADFU    65.64%    passed     92.35%
 105  ODO_LAD_SW5-opsintr_A0A0C9LI86_A0A0C9LI86_LADFU     65.73%    passed     58.99%
 106  PHT_PED_307365_PHUM009850-PA_p                      68.44%    passed     56.69%
 107  LEP_MEL_275971_MCINX002910-PA_                      80.52%    passed     85.41%
 108  LEP_HEL_223585_HMEL022525-PA_p                      68.35%    passed     58.46%
 109  LEP_HEL_UV-opsin1_tr_D3W5S3_D3W5S3_HELME            65.92%    passed     76.29%
 110  LEP_HEL_225678_HMEL010962-PA_p                      68.35%    passed     83.61%
 111  LEP_HEL_UV-opsin2_tr_C4XV71_C4XV71_HELME            65.92%    passed     83.30%
 112  LEP_PLU_330374_Px017369.1_7-35                      68.35%    passed     75.48%
 113  LEP_BOM_113949_BGIBMGA011685-T                      82.60%    passed     17.28%
 114  LEP_MAN_253717__Msex2.13227-RA_UV-opsin             68.26%    passed     82.76%
 115  HEM_RHO_334534_RPRC002621-PA_p                      68.17%    passed     92.27%
 116  DIP_MOJ_UV-opsin2_XP_002008720.1                    65.37%    passed     99.07%
 117  DIP_MEL_188877_FBpp0075097_pep                      69.16%    passed     99.91%
 118  DIP_MEL_UV-opsin2_sp_P08255_OPS4_DROME              65.92%    passed     96.76%
 119  DIP_LUC_tr_A0A0L0BLX9_A0A0L0BLX9_LUCCU              64.92%    passed     98.31%
 120  DIP_MOJ_UV-opsin1_XP_002000102.1                    65.73%    passed     86.54%
 121  DIP_MEL_199339_FBpp0083284_pep                      69.16%    passed     89.62%
 122  DIP_MEL_UV-opsin1_sp_P04950_OPS3_DROME              65.46%    passed     91.02%
 123  HYM_ZOO_tr_A0A067RJW7_A0A067RJW7_ZOONE              68.08%    passed     96.36%
 124  ODO_LAD_UV-opsin1_tr_A0A0C9LM74_A0A0C9LM74_LADFU    64.83%    passed     96.29%
 125  HYM_ATTA_102738_ACEP24081-PA_p                      68.71%    passed     98.40%
 126  HYM_NAS_296580_NV10460-PA_pep_                      68.71%    passed    100.00%
 127  HYM_BIM_tr_Q4QXT7_Q4QXT7_BOMIM                      66.55%    passed     99.49%
 128  HYM_API_78818_GB51369-PA_pep_k                      68.71%    passed     99.07%
 129  HYM_API_UV-opsin_sp_O61303.1_OPSUV_APIME            66.55%    passed     97.55%
 130  DIP_ARC_IU25_04889-mRNA-1                           66.01%    passed     93.55%
 131  DIP_AED_40889_AAEL009615-PA_pe                      68.08%    passed     96.33%
 132  DIP_ANG_65461_AGAP006126-PA_pe                      68.26%    passed     78.18%
 133  COL_DEN_UV-opsin_XP_019755582.1                     69.25%    passed     99.00%
 134  COL_TRI_LWS-opsin_tr_D6WDA5_D6WDA5_TRICA            66.10%    passed     65.09%
 135  COL_TRI_UV-opsin_XP_015833491.1                     67.45%    passed     85.18%
 136  HYM_ATTA_105473_ACEP24672-PA_p                      84.49%    passed     34.29%
 137  HYM_NAS_300023_NV11914-PA_pep_                      68.71%    passed     98.26%
 138  HYM_API_88141_GB41643-PA_pep_k                      68.71%    passed     88.00%
 139  HYM_API_Blue_Opsin_sp_P90680.2_OPSB_APIME           66.01%    passed     86.80%
 140  HYM_ATTA_105474_ACEP24671-PA_p                      88.73%    passed     17.46%
 141  DIP_ARC_IU25_01197-mRNA-1                           65.55%    passed     96.85%
 142  DIP_ARC_IU25_06513-mRNA-1                           66.82%    passed     62.24%
 143  LEP_HEL_219203_HMEL010706-PA_p                      68.35%    passed     99.98%
 144  LEP_HEL_Blue-Opsin_tr_E2DZM8_E2DZM8_HELME           65.83%    passed     99.89%
 145  LEP_BOM_122271_BGIBMGA012104-T                      79.53%    passed     96.97%
 146  LEP_BOM_122272_BGIBMGA012105-T                      88.55%    passed     54.97%
 147  LEP_MAN_244697__Msex2.07985-RA_BLUE                 68.44%    passed     99.84%
 148  LEP_MAN_244699__Msex2.07985-RB_BLUE                 73.40%    passed     95.16%
 149  LEP_MEL_280402_MCINX007972-PA_                      72.68%    passed     97.74%
 150  LEP_PLU_328952_Px000090.1_1-12                      88.64%    passed     61.97%
 151  LEP_PLU_330151_Px009550.2_27-3                      68.44%    passed     97.70%
 152  DIP_AED_49513_AAEL003035-PA_pe                      68.53%    passed     99.58%
 153  DIP_ANG_76450_AGAP010089-PA_pe                      69.61%    passed     90.26%
 154  DIP_LUC_tr_A0A0L0C2F9_A0A0L0C2F9_LUCCU              64.92%    passed     77.77%
 155  DIP_MOJ_Blue-opsin_XP_002002075.1                   64.92%    passed     93.49%
 156  DIP_MEL_178328_FBpp0079875_pep                      68.53%    passed     98.71%
 157  DIP_MEL_Blue-opsin_sp_P91657_OPS5_DROME             65.55%    passed     92.82%
 158  HYM_ZOO_tr_A0A067QRP7_A0A067QRP7_ZOONE              53.56%    failed      0.00%
 159  MLT_O88495__1-239                                   78.45%    failed      0.56%
 160  MLT_B2Y4M8__1-238                                   78.54%    failed      0.24%
 161  MTR1C_XENL_1-223                                    79.89%    failed      3.44%
WARNING: 157 sequences contain more than 50% gaps/ambiguity
****  TOTAL                                               69.67%  13 sequences failed composition chi2 test (p-value<5%; df=19)

Create initial parsimony tree by phylogenetic likelihood library (PLL)... 0.300 seconds

NOTE: ModelFinder requires 87 MB RAM!
ModelFinder will test 144 protein models (sample size: 1109) ...
 No. Model         -LnL         df  AIC          AICc         BIC
  1  Dayhoff       61781.495    319 124200.990   124459.748   125799.567
  2  Dayhoff+I     61705.185    320 124050.370   124311.081   125653.959
  3  Dayhoff+G4    58838.423    320 118316.847   118577.557   119920.435
  4  Dayhoff+I+G4  58827.390    321 118296.781   118559.454   119905.380
  5  Dayhoff+F     61350.146    338 123376.291   123673.907   125070.081
  6  Dayhoff+F+I   61272.235    339 123222.470   123522.236   124921.272
  7  Dayhoff+F+G4  58404.477    339 117486.954   117786.720   119185.755
  8  Dayhoff+F+I+G4 58391.406    340 117462.812   117764.739   119166.625
  9  mtMAM         66784.124    319 134206.247   134465.005   135804.825
 10  mtMAM+I       66704.105    320 134048.209   134308.920   135651.798
 11  mtMAM+G4      61780.716    320 124201.431   124462.142   125805.020
 12  mtMAM+I+G4    61767.275    321 124176.549   124439.223   125785.149
 13  mtMAM+F       65242.272    338 131160.543   131458.159   132854.334
 14  mtMAM+F+I     65166.555    339 131011.111   131310.876   132709.912
 15  mtMAM+F+G4    60519.840    339 121717.681   122017.447   123416.482
 16  mtMAM+F+I+G4  60507.619    340 121695.237   121997.165   123399.050
 17  JTT           61077.606    319 122793.212   123051.970   124391.790
 18  JTT+I         60997.467    320 122634.933   122895.644   124238.522
 19  JTT+G4        58168.393    320 116976.787   117237.497   118580.375
 20  JTT+I+G4      58154.206    321 116950.413   117213.086   118559.012
 21  JTT+F         61104.393    338 122884.785   123182.401   124578.576
 22  JTT+F+I       61021.816    339 122721.631   123021.397   124420.433
 23  JTT+F+G4      58102.127    339 116882.254   117182.020   118581.055
 24  JTT+F+I+G4    58087.770    340 116855.540   117157.467   118559.353
 25  WAG           60716.342    319 122070.685   122329.443   123669.262
 26  WAG+I         60637.167    320 121914.333   122175.044   123517.921
 27  WAG+G4        58014.711    320 116669.423   116930.133   118273.011
 28  WAG+I+G4      57999.123    321 116640.246   116902.919   118248.846
 29  WAG+F         60610.213    338 121896.425   122194.041   123590.216
 30  WAG+F+I       60526.498    339 121730.995   122030.761   123429.797
 31  WAG+F+G4      57856.645    339 116391.290   116691.056   118090.092
 32  WAG+F+I+G4    57838.911    340 116357.822   116659.750   118061.635
 33  cpREV         61199.646    319 123037.291   123296.049   124635.868
 34  cpREV+I       61144.106    320 122928.212   123188.923   124531.801
 35  cpREV+G4      58373.338    320 117386.676   117647.387   118990.265
 36  cpREV+I+G4    58366.504    321 117375.007   117637.681   118983.607
 37  cpREV+F       60963.665    338 122603.330   122900.946   124297.121
 38  cpREV+F+I     60903.641    339 122485.283   122785.049   124184.084
 39  cpREV+F+G4    58119.050    339 116916.100   117215.866   118614.902
 40  cpREV+F+I+G4  58110.679    340 116901.358   117203.285   118605.171
 41  mtREV         63974.525    319 128587.050   128845.808   130185.627
 42  mtREV+I       63911.219    320 128462.438   128723.149   130066.027
 43  mtREV+G4      60270.269    320 121180.539   121441.249   122784.127
 44  mtREV+I+G4    60262.166    321 121166.331   121429.005   122774.931
 45  mtREV+F       62519.800    338 125715.600   126013.216   127409.390
 46  mtREV+F+I     62458.572    339 125595.143   125894.909   127293.945
 47  mtREV+F+G4    58975.799    339 118629.598   118929.364   120328.399
 48  mtREV+F+I+G4  58968.669    340 118617.338   118919.265   120321.151
 49  rtREV         61394.411    319 123426.822   123685.580   125025.400
 50  rtREV+I       61335.062    320 123310.124   123570.835   124913.713
 51  rtREV+G4      58487.783    320 117615.567   117876.277   119219.155
 52  rtREV+I+G4    58479.000    321 117600.000   117862.674   119208.600
 53  rtREV+F       61074.711    338 122825.422   123123.037   124519.212
 54  rtREV+F+I     61000.547    339 122679.094   122978.860   124377.895
 55  rtREV+F+G4    57885.099    339 116448.199   116747.965   118147.000
 56  rtREV+F+I+G4  57871.512    340 116423.024   116724.951   118126.837
 57  mtART         64933.417    319 130504.833   130763.591   132103.411
 58  mtART+I       64882.734    320 130405.467   130666.178   132009.056
 59  mtART+G4      60125.126    320 120890.252   121150.962   122493.840
 60  mtART+I+G4    60117.538    321 120877.077   121139.750   122485.676
 61  mtART+F       63624.689    338 127925.378   128222.994   129619.169
 62  mtART+F+I     63582.605    339 127843.210   128142.976   129542.011
 63  mtART+F+G4    59057.354    339 118792.708   119092.474   120491.510
 64  mtART+F+I+G4  59052.205    340 118784.410   119086.337   120488.222
 65  mtZOA         63199.655    319 127037.310   127296.068   128635.887
 66  mtZOA+I       63159.579    320 126959.159   127219.870   128562.747
 67  mtZOA+G4      58970.191    320 118580.383   118841.093   120183.971
 68  mtZOA+I+G4    58965.961    321 118573.922   118836.596   120182.522
 69  mtZOA+F       62337.186    338 125350.372   125647.988   127044.162
 70  mtZOA+F+I     62301.843    339 125281.686   125581.452   126980.488
 71  mtZOA+F+G4    58315.181    339 117308.362   117608.128   119007.164
 72  mtZOA+F+I+G4  58312.833    340 117305.665   117607.593   119009.478
 73  VT            60485.186    319 121608.371   121867.129   123206.948
 74  VT+I          60403.965    320 121447.929   121708.640   123051.518
 75  VT+G4         57902.066    320 116444.132   116704.843   118047.721
 76  VT+I+G4       57884.714    321 116411.428   116674.102   118020.028
 77  VT+F          60401.299    338 121478.597   121776.213   123172.387
 78  VT+F+I        60317.551    339 121313.101   121612.867   123011.903
 79  VT+F+G4       57770.166    339 116218.332   116518.098   117917.133
 80  VT+F+I+G4     57752.800    340 116185.600   116487.527   117889.412
 81  LG            60729.219    319 122096.437   122355.195   123695.015
 82  LG+I          60664.080    320 121968.160   122228.871   123571.749
 83  LG+G4         57726.021    320 116092.043   116352.753   117695.631
 84  LG+I+G4       57715.242    321 116072.483   116335.157   117681.083
 85  LG+F          60816.038    338 122308.075   122605.691   124001.866
 86  LG+F+I        60743.126    339 122164.251   122464.017   123863.053
 87  LG+F+G4       57640.729    339 115959.459   116259.225   117658.260
 88  LG+F+I+G4     57626.988    340 115933.977   116235.904   117637.789
 89  DCMut         61772.172    319 124182.343   124441.101   125780.920
 90  DCMut+I       61695.714    320 124031.429   124292.139   125635.017
 91  DCMut+G4      58835.583    320 118311.166   118571.877   119914.755
 92  DCMut+I+G4    58824.486    321 118290.972   118553.645   119899.571
 93  DCMut+F       61342.176    338 123360.351   123657.967   125054.141
 94  DCMut+F+I     61264.156    339 123206.312   123506.078   124905.114
 95  DCMut+F+G4    58402.015    339 117482.030   117781.796   119180.832
 96  DCMut+F+I+G4  58388.864    340 117457.727   117759.654   119161.540
 97  PMB           60511.282    319 121660.564   121919.322   123259.142
 98  PMB+I         60423.830    320 121487.659   121748.370   123091.248
 99  PMB+G4        57999.245    320 116638.491   116899.201   118242.079
100  PMB+I+G4      57978.621    321 116599.241   116861.915   118207.841
101  PMB+F         60629.763    338 121935.527   122233.142   123629.317
102  PMB+F+I       60540.015    339 121758.030   122057.795   123456.831
103  PMB+F+G4      58024.716    339 116727.432   117027.197   118426.233
104  PMB+F+I+G4    58004.762    340 116689.524   116991.452   118393.337
105  HIVb          63324.687    319 127287.375   127546.133   128885.952
106  HIVb+I        63252.058    320 127144.115   127404.826   128747.704
107  HIVb+G4       59932.203    320 120504.407   120765.117   122107.995
108  HIVb+I+G4     59920.134    321 120482.267   120744.941   122090.867
109  HIVb+F        63165.250    338 127006.500   127304.116   128700.290
110  HIVb+F+I      63085.510    339 126849.020   127148.786   128547.821
111  HIVb+F+G4     59515.361    339 119708.722   120008.488   121407.524
112  HIVb+F+I+G4   59500.997    340 119681.994   119983.921   121385.807
113  HIVw          65950.491    319 132538.982   132797.740   134137.559
114  HIVw+I        65868.357    320 132376.714   132637.425   133980.303
115  HIVw+G4       62376.170    320 125392.339   125653.050   126995.928
116  HIVw+I+G4     62366.627    321 125375.254   125637.927   126983.853
117  HIVw+F        64648.886    338 129973.773   130271.388   131667.563
118  HIVw+F+I      64552.844    339 129783.689   130083.454   131482.490
119  HIVw+F+G4     61067.149    339 122812.299   123112.065   124511.100
120  HIVw+F+I+G4   61048.865    340 122777.729   123079.656   124481.542
121  JTTDCMut      61088.728    319 122815.457   123074.214   124414.034
122  JTTDCMut+I    61008.697    320 122657.394   122918.105   124260.983
123  JTTDCMut+G4   58184.659    320 117009.318   117270.029   118612.907
124  JTTDCMut+I+G4 58170.625    321 116983.250   117245.923   118591.850
125  JTTDCMut+F    61110.023    338 122896.045   123193.661   124589.835
126  JTTDCMut+F+I  61027.145    339 122732.289   123032.055   124431.091
127  JTTDCMut+F+G4 58110.245    339 116898.489   117198.255   118597.291
128  JTTDCMut+F+I+G4 58095.896    340 116871.791   117173.718   118575.604
129  FLU           62964.991    319 126567.982   126826.740   128166.559
130  FLU+I         62910.179    320 126460.357   126721.068   128063.946
131  FLU+G4        59577.283    320 119794.566   120055.276   121398.154
132  FLU+I+G4      59569.842    321 119781.685   120044.358   121390.285
133  FLU+F         62718.357    338 126112.715   126410.330   127806.505
134  FLU+F+I       62658.054    339 125994.108   126293.874   127692.910
135  FLU+F+G4      59198.078    339 119074.156   119373.922   120772.957
136  FLU+F+I+G4    59186.859    340 119053.718   119355.645   120757.531
137  Blosum62      60592.100    319 121822.200   122080.958   123420.777
138  Blosum62+I    60509.789    320 121659.578   121920.288   123263.166
139  Blosum62+G4   58062.616    320 116765.232   117025.943   118368.821
140  Blosum62+I+G4 58043.483    321 116728.966   116991.639   118337.566
141  Blosum62+F    60581.863    338 121839.726   122137.342   123533.516
142  Blosum62+F+I  60496.065    339 121670.130   121969.896   123368.931
143  Blosum62+F+G4 57972.438    339 116622.875   116922.641   118321.677
144  Blosum62+F+I+G4 57952.948    340 116585.895   116887.822   118289.708
Akaike Information Criterion:           LG+F+I+G4
Corrected Akaike Information Criterion: LG+F+I+G4
Bayesian Information Criterion:         LG+F+I+G4
Best-fit model: LG+F+I+G4 chosen according to BIC

All model information printed to 1-161_Opsin-gene.phy.model
CPU time for ModelFinder: 3276.728 seconds (0h:54m:36s)
Wall-clock time for ModelFinder: 3278.712 seconds (0h:54m:38s)
Generating 1000 samples for ultrafast bootstrap (seed: 416859)...

NOTE: 87 MB RAM (0 GB) is required!
Estimate model parameters (epsilon = 0.100)
Thoroughly optimizing +I+G parameters from 10 start values...
Init pinv, alpha: 0.000, 1.000 / Estimate: 0.005, 0.964 / LogL: -57627.012
Init pinv, alpha: 0.039, 1.000 / Estimate: 0.006, 0.962 / LogL: -57626.993
Init pinv, alpha: 0.078, 1.000 / Estimate: 0.006, 0.961 / LogL: -57626.989
Init pinv, alpha: 0.118, 1.000 / Estimate: 0.006, 0.960 / LogL: -57626.995
Init pinv, alpha: 0.157, 1.000 / Estimate: 0.006, 0.960 / LogL: -57627.005
Init pinv, alpha: 0.196, 1.000 / Estimate: 0.006, 0.960 / LogL: -57626.993
Init pinv, alpha: 0.235, 1.000 / Estimate: 0.006, 0.959 / LogL: -57627.001
Init pinv, alpha: 0.274, 1.000 / Estimate: 0.006, 0.958 / LogL: -57627.006
Init pinv, alpha: 0.313, 1.000 / Estimate: 0.006, 0.958 / LogL: -57627.013
Init pinv, alpha: 0.353, 1.000 / Estimate: 0.006, 0.958 / LogL: -57627.014
Optimal pinv,alpha: 0.006, 0.961 / LogL: -57626.989

Parameters optimization took 359.317 sec
Computing ML distances based on estimated model parameters... 17.388 sec
WARNING: Some pairwise ML distances are too long (saturated)
Computing BIONJ tree...
0.061 seconds
Log-likelihood of BIONJ tree: -57942.803
--------------------------------------------------------------------
|             INITIALIZING CANDIDATE TREE SET                      |
--------------------------------------------------------------------
Generating 98 parsimony trees... 26.669 second
Computing log-likelihood of 98 initial trees ... 326.338 seconds
Current best score: -57626.989

Do NNI search on 20 best initial trees
Estimate model parameters (epsilon = 0.100)
BETTER TREE FOUND at iteration 1: -57528.141
Estimate model parameters (epsilon = 0.100)
BETTER TREE FOUND at iteration 3: -57517.016
Iteration 10 / LogL: -57520.070 / Time: 1h:13m:43s
Iteration 20 / LogL: -57530.242 / Time: 1h:18m:48s
Finish initializing candidate tree set (20)
Current best tree score: -57517.016 / CPU time: 1049.396
Number of iterations: 20
--------------------------------------------------------------------
|               OPTIMIZING CANDIDATE TREE SET                      |
--------------------------------------------------------------------
Estimate model parameters (epsilon = 0.100)
BETTER TREE FOUND at iteration 21: -57513.595
Estimate model parameters (epsilon = 0.100)
BETTER TREE FOUND at iteration 23: -57509.327
Estimate model parameters (epsilon = 0.100)
BETTER TREE FOUND at iteration 26: -57504.326
Iteration 30 / LogL: -57504.557 / Time: 1h:25m:35s (1h:42m:26s left)
Iteration 40 / LogL: -57507.120 / Time: 1h:31m:53s (1h:22m:7s left)
Iteration 50 / LogL: -57510.537 / Time: 1h:37m:44s (1h:6m:50s left)
Log-likelihood cutoff on original alignment: -57582.367
UFBoot trees printed to 1-161_Opsin-gene.phy.ufboot
Iteration 60 / LogL: -57504.468 / Time: 1h:43m:56s (0h:55m:8s left)
Estimate model parameters (epsilon = 0.100)
BETTER TREE FOUND at iteration 61: -57504.054
Iteration 70 / LogL: -57505.169 / Time: 1h:50m:48s (1h:14m:3s left)
Iteration 80 / LogL: -57505.048 / Time: 1h:57m:26s (1h:4m:22s left)
Iteration 90 / LogL: -57504.912 / Time: 2h:3m:37s (0h:55m:1s left)
Iteration 100 / LogL: -57510.203 / Time: 2h:10m:12s (0h:46m:33s left)
Log-likelihood cutoff on original alignment: -57582.367
NOTE: Bootstrap correlation coefficient of split occurrence frequencies: 0.999
UFBoot trees printed to 1-161_Opsin-gene.phy.ufboot
Estimate model parameters (epsilon = 0.100)
BETTER TREE FOUND at iteration 105: -57503.978
Iteration 110 / LogL: -57504.301 / Time: 2h:16m:41s (1h:11m:30s left)
Estimate model parameters (epsilon = 0.100)
BETTER TREE FOUND at iteration 114: -57503.874
Iteration 120 / LogL: -57509.074 / Time: 2h:23m:7s (1h:9m:53s left)
Iteration 130 / LogL: -57507.652 / Time: 2h:29m:15s (1h:1m:36s left)
Iteration 140 / LogL: -57504.582 / Time: 2h:35m:37s (0h:53m:45s left)
Iteration 150 / LogL: -57508.260 / Time: 2h:42m:29s (0h:46m:19s left)
Log-likelihood cutoff on original alignment: -57582.367
UFBoot trees printed to 1-161_Opsin-gene.phy.ufboot
Iteration 160 / LogL: -57506.986 / Time: 2h:49m:6s (0h:38m:52s left)
Estimate model parameters (epsilon = 0.100)
BETTER TREE FOUND at iteration 167: -57503.142
Iteration 170 / LogL: -57507.504 / Time: 2h:55m:35s (1h:9m:24s left)
Iteration 180 / LogL: -57503.310 / Time: 3h:2m:13s (1h:2m:0s left)
Iteration 190 / LogL: -57509.272 / Time: 3h:9m:10s (0h:54m:48s left)
Iteration 200 / LogL: -57507.515 / Time: 3h:16m:7s (0h:47m:38s left)
Log-likelihood cutoff on original alignment: -57582.367
NOTE: Bootstrap correlation coefficient of split occurrence frequencies: 0.995
UFBoot trees printed to 1-161_Opsin-gene.phy.ufboot
Estimate model parameters (epsilon = 0.100)
BETTER TREE FOUND at iteration 209: -57502.661
Iteration 210 / LogL: -57505.960 / Time: 3h:23m:6s (1h:10m:19s left)
Iteration 220 / LogL: -57530.835 / Time: 3h:30m:3s (1h:3m:9s left)
Iteration 230 / LogL: -57503.277 / Time: 3h:36m:56s (0h:55m:59s left)
Iteration 240 / LogL: -57505.888 / Time: 3h:44m:5s (0h:48m:55s left)
Iteration 250 / LogL: -57507.739 / Time: 3h:51m:19s (0h:41m:51s left)
Log-likelihood cutoff on original alignment: -57582.367
UFBoot trees printed to 1-161_Opsin-gene.phy.ufboot
Iteration 260 / LogL: -57503.801 / Time: 3h:58m:2s (0h:34m:41s left)
Iteration 270 / LogL: -57508.004 / Time: 4h:4m:45s (0h:27m:33s left)
Iteration 280 / LogL: -57503.649 / Time: 4h:11m:29s (0h:20m:27s left)
Iteration 290 / LogL: -57502.927 / Time: 4h:18m:4s (0h:13m:22s left)
Iteration 300 / LogL: -57502.714 / Time: 4h:24m:57s (0h:6m:19s left)
Log-likelihood cutoff on original alignment: -57582.367
NOTE: Bootstrap correlation coefficient of split occurrence frequencies: 0.994
UFBoot trees printed to 1-161_Opsin-gene.phy.ufboot
Iteration 310 / LogL: -57503.935 / Time: 4h:32m:15s (1h:3m:22s left)
TREE SEARCH COMPLETED AFTER 310 ITERATIONS / Time: 4h:32m:15s

--------------------------------------------------------------------
|                    FINALIZING TREE SEARCH                        |
--------------------------------------------------------------------
Performs final model parameters optimization
Estimate model parameters (epsilon = 0.010)
1. Initial log-likelihood: -57502.661
Optimal log-likelihood: -57502.656
Proportion of invariable sites: 0.006
Gamma shape alpha: 0.981
Parameters optimization took 1 rounds (5.352 sec)
BEST SCORE FOUND : -57502.656

Testing tree branches by SH-like aLRT with 1000 replicates...
CPU Time used:  13.167 sec.
Creating bootstrap support values...
Split supports printed to NEXUS file 1-161_Opsin-gene.phy.splits.nex
Total tree length: 131.070

Total number of iterations: 310
CPU time used for tree search: 12633.931 sec (3h:30m:33s)
Wall-clock time used for tree search: 12656.493 sec (3h:30m:56s)
Total CPU time used: 16330.309 sec (4h:32m:10s)
Total wall-clock time used: 16355.322 sec (4h:32m:35s)
UFBoot trees printed to 1-161_Opsin-gene.phy.ufboot

Computing bootstrap consensus tree...
Reading input file 1-161_Opsin-gene.phy.splits.nex...
161 taxa and 745 splits.
Consensus tree written to 1-161_Opsin-gene.phy.contree
Reading input trees file 1-161_Opsin-gene.phy.contree
Log-likelihood of consensus tree: -57506.482

Analysis results written to: 
  IQ-TREE report:                1-161_Opsin-gene.phy.iqtree
  Maximum-likelihood tree:       1-161_Opsin-gene.phy.treefile
  Likelihood distances:          1-161_Opsin-gene.phy.mldist

Ultrafast bootstrap approximation results written to:
  Split support values:          1-161_Opsin-gene.phy.splits.nex
  Consensus tree:                1-161_Opsin-gene.phy.contree
  UFBoot trees:                  1-161_Opsin-gene.phy.ufboot
  Screen log file:               1-161_Opsin-gene.phy.log

Date and Time: Sat Dec  2 23:23:38 2017
